0 info it worked if it ends with ok
1 verbose cli [ 'node', '/usr/local/bin/npm', 'info', 'jshangul' ]
2 info using npm@2.11.2
3 info using node@v0.12.5
4 verbose node symlink /usr/local/bin/node
5 silly mapToRegistry name jshangul
6 silly mapToRegistry using default registry
7 silly mapToRegistry registry https://registry.npmjs.org/
8 silly mapToRegistry uri https://registry.npmjs.org/jshangul
9 verbose request uri https://registry.npmjs.org/jshangul
10 verbose request no auth needed
11 info attempt registry request try #1 at 20:42:27
12 verbose request using bearer token for auth
13 verbose request id 1c50697b4c20b607
14 http request GET https://registry.npmjs.org/jshangul
15 http 404 https://registry.npmjs.org/jshangul
16 verbose headers { server: 'CouchDB/1.5.0 (Erlang OTP/R16B03)',
16 verbose headers   etag: '"AML604B62K7PLLQYJWQY796J7"',
16 verbose headers   'content-type': 'application/json',
16 verbose headers   'cache-control': 'max-age=0',
16 verbose headers   'content-length': '467',
16 verbose headers   'accept-ranges': 'bytes',
16 verbose headers   date: 'Fri, 03 Jul 2015 11:42:27 GMT',
16 verbose headers   via: '1.1 varnish',
16 verbose headers   connection: 'keep-alive',
16 verbose headers   'x-served-by': 'cache-nrt6120-NRT',
16 verbose headers   'x-cache': 'MISS',
16 verbose headers   'x-cache-hits': '0',
16 verbose headers   'x-timer': 'S1435923747.488198,VS0,VE130',
16 verbose headers   vary: 'Accept' }
17 silly get cb [ 404,
17 silly get   { server: 'CouchDB/1.5.0 (Erlang OTP/R16B03)',
17 silly get     etag: '"AML604B62K7PLLQYJWQY796J7"',
17 silly get     'content-type': 'application/json',
17 silly get     'cache-control': 'max-age=0',
17 silly get     'content-length': '467',
17 silly get     'accept-ranges': 'bytes',
17 silly get     date: 'Fri, 03 Jul 2015 11:42:27 GMT',
17 silly get     via: '1.1 varnish',
17 silly get     connection: 'keep-alive',
17 silly get     'x-served-by': 'cache-nrt6120-NRT',
17 silly get     'x-cache': 'MISS',
17 silly get     'x-cache-hits': '0',
17 silly get     'x-timer': 'S1435923747.488198,VS0,VE130',
17 silly get     vary: 'Accept' } ]
18 verbose stack Error: Registry returned 404 for GET on https://registry.npmjs.org/jshangul
18 verbose stack     at CachingRegistryClient.<anonymous> (/usr/local/lib/node_modules/npm/node_modules/npm-registry-client/lib/request.js:239:14)
18 verbose stack     at Request._callback (/usr/local/lib/node_modules/npm/node_modules/npm-registry-client/lib/request.js:170:14)
18 verbose stack     at Request.self.callback (/usr/local/lib/node_modules/npm/node_modules/request/request.js:354:22)
18 verbose stack     at Request.emit (events.js:110:17)
18 verbose stack     at Request.<anonymous> (/usr/local/lib/node_modules/npm/node_modules/request/request.js:1207:14)
18 verbose stack     at Request.emit (events.js:129:20)
18 verbose stack     at IncomingMessage.<anonymous> (/usr/local/lib/node_modules/npm/node_modules/request/request.js:1153:12)
18 verbose stack     at IncomingMessage.emit (events.js:129:20)
18 verbose stack     at _stream_readable.js:908:16
18 verbose stack     at process._tickCallback (node.js:355:11)
19 verbose statusCode 404
20 verbose pkgid jshangul
21 verbose cwd /Users/stonexx/workspaces/stonexx/webjars/hangul.js
22 error Darwin 14.3.0
23 error argv "node" "/usr/local/bin/npm" "info" "jshangul"
24 error node v0.12.5
25 error npm  v2.11.2
26 error code E404
27 error 404 Registry returned 404 for GET on https://registry.npmjs.org/jshangul
27 error 404
27 error 404 'jshangul' is not in the npm registry.
27 error 404 You should bug the author to publish it (or use the name yourself!)
27 error 404
27 error 404 Note that you can also install from a
27 error 404 tarball, folder, http url, or git url.
28 verbose exit [ 1, true ]
